\BOOKMARK [0][-]{chapter*.1}{Introduction}{}% 1
\BOOKMARK [0][-]{chapter.1}{Mobile manipulation system design}{}% 2
\BOOKMARK [1][-]{section.1.1}{Project background}{chapter.1}% 3
\BOOKMARK [1][-]{section.1.2}{Design requirements}{chapter.1}% 4
\BOOKMARK [1][-]{section.1.3}{Hardware components}{chapter.1}% 5
\BOOKMARK [1][-]{section.1.4}{Software architecture}{chapter.1}% 6
\BOOKMARK [0][-]{chapter.2}{Depth data acquisition techniques}{}% 7
\BOOKMARK [1][-]{section.2.1}{Stereo vision}{chapter.2}% 8
\BOOKMARK [1][-]{section.2.2}{Time of flight}{chapter.2}% 9
\BOOKMARK [1][-]{section.2.3}{Structured light}{chapter.2}% 10
\BOOKMARK [1][-]{section.2.4}{Summary and hardware selection}{chapter.2}% 11
\BOOKMARK [0][-]{chapter.3}{Analysis of the depth data}{}% 12
\BOOKMARK [1][-]{section.3.1}{Basic point cloud processing}{chapter.3}% 13
\BOOKMARK [1][-]{section.3.2}{The Random Sample Consensus algorithm}{chapter.3}% 14
\BOOKMARK [1][-]{section.3.3}{Descriptors for object recognition}{chapter.3}% 15
\BOOKMARK [1][-]{section.3.4}{Object recognition pipeline}{chapter.3}% 16
\BOOKMARK [0][-]{chapter.4}{Implementation and testing}{}% 17
\BOOKMARK [1][-]{section.4.1}{Hardware setting}{chapter.4}% 18
\BOOKMARK [1][-]{section.4.2}{Obstacle detection implementation}{chapter.4}% 19
\BOOKMARK [1][-]{section.4.3}{Object recognition implementation}{chapter.4}% 20
\BOOKMARK [1][-]{section.4.4}{Autonomous control mode}{chapter.4}% 21
\BOOKMARK [1][-]{section.4.5}{Testing environment and results}{chapter.4}% 22
\BOOKMARK [0][-]{chapter*.2}{Summary}{}% 23
